c:\users\jasdeep\desktop\bcit\object oriented programming design\labs\lab 4\copy lab 4\template-master\x64\debug\4618_template.pch
c:\users\jasdeep\desktop\bcit\object oriented programming design\labs\lab 4\copy lab 4\template-master\x64\debug\vc141.pdb
c:\users\jasdeep\desktop\bcit\object oriented programming design\labs\lab 4\copy lab 4\template-master\x64\debug\vc141.idb
c:\users\jasdeep\desktop\bcit\object oriented programming design\labs\lab 4\copy lab 4\template-master\x64\debug\stdafx.obj
c:\users\jasdeep\desktop\bcit\object oriented programming design\labs\lab 4\copy lab 4\template-master\x64\debug\4618_template.obj
c:\users\jasdeep\desktop\bcit\object oriented programming design\labs\lab 4\copy lab 4\template-master\x64\debug\cbase4618.obj
c:\users\jasdeep\desktop\bcit\object oriented programming design\labs\lab 4\copy lab 4\template-master\x64\debug\ccontrol.obj
c:\users\jasdeep\desktop\bcit\object oriented programming design\labs\lab 4\copy lab 4\template-master\x64\debug\client.obj
c:\users\jasdeep\desktop\bcit\object oriented programming design\labs\lab 4\copy lab 4\template-master\x64\debug\csketch.obj
c:\users\jasdeep\desktop\bcit\object oriented programming design\labs\lab 4\copy lab 4\template-master\x64\debug\serial.obj
c:\users\jasdeep\desktop\bcit\object oriented programming design\labs\lab 4\copy lab 4\template-master\x64\debug\server.obj
c:\users\jasdeep\desktop\bcit\object oriented programming design\labs\lab 5\copy lab 4\template-master\x64\debug\4618_template.pch
c:\users\jasdeep\desktop\bcit\object oriented programming design\labs\lab 5\copy lab 4\template-master\x64\debug\vc141.pdb
c:\users\jasdeep\desktop\bcit\object oriented programming design\labs\lab 5\copy lab 4\template-master\x64\debug\vc141.idb
c:\users\jasdeep\desktop\bcit\object oriented programming design\labs\lab 5\copy lab 4\template-master\x64\debug\stdafx.obj
c:\users\jasdeep\desktop\bcit\object oriented programming design\labs\lab 5\copy lab 4\template-master\x64\debug\4618_template.obj
c:\users\jasdeep\desktop\bcit\object oriented programming design\labs\lab 5\copy lab 4\template-master\x64\debug\cbase4618.obj
c:\users\jasdeep\desktop\bcit\object oriented programming design\labs\lab 5\copy lab 4\template-master\x64\debug\ccontrol.obj
c:\users\jasdeep\desktop\bcit\object oriented programming design\labs\lab 5\copy lab 4\template-master\x64\debug\client.obj
c:\users\jasdeep\desktop\bcit\object oriented programming design\labs\lab 5\copy lab 4\template-master\x64\debug\csketch.obj
c:\users\jasdeep\desktop\bcit\object oriented programming design\labs\lab 5\copy lab 4\template-master\x64\debug\serial.obj
c:\users\jasdeep\desktop\bcit\object oriented programming design\labs\lab 5\copy lab 4\template-master\x64\debug\server.obj
c:\users\jasdeep\desktop\bcit\object oriented programming design\labs\lab 5\copy lab 4\template-master\x64\debug\cpong.obj
c:\users\jasdeep\desktop\bcit\object oriented programming design\labs\lab 4\copy lab 4\template-master\x64\debug\4618_template.exe
c:\users\jasdeep\desktop\bcit\object oriented programming design\labs\lab 4\copy lab 4\template-master\x64\debug\4618_template.ilk
c:\users\jasdeep\desktop\bcit\object oriented programming design\labs\lab 4\copy lab 4\template-master\x64\debug\4618_template.pdb
c:\users\jasdeep\desktop\bcit\object oriented programming design\labs\lab 5\copy lab 4\template-master\x64\debug\4618_template.exe
c:\users\jasdeep\desktop\bcit\object oriented programming design\labs\lab 5\copy lab 4\template-master\x64\debug\4618_template.ilk
c:\users\jasdeep\desktop\bcit\object oriented programming design\labs\lab 5\copy lab 4\template-master\x64\debug\4618_template.pdb
c:\users\jasdeep\desktop\bcit\object oriented programming design\labs\lab 5\copy lab 4\template-master\x64\debug\cbase4618.new.obj.enc
c:\users\jasdeep\desktop\bcit\object oriented programming design\labs\lab 5\copy lab 4\template-master\x64\debug\ccontrol.new.obj.enc
c:\users\jasdeep\desktop\bcit\object oriented programming design\labs\lab 5\copy lab 4\template-master\x64\debug\csketch.obj.enc
c:\users\jasdeep\desktop\bcit\object oriented programming design\labs\lab 5\copy lab 4\template-master\x64\debug\4618_template.tlog\cl.command.1.tlog
c:\users\jasdeep\desktop\bcit\object oriented programming design\labs\lab 5\copy lab 4\template-master\x64\debug\4618_template.tlog\cl.read.1.tlog
c:\users\jasdeep\desktop\bcit\object oriented programming design\labs\lab 5\copy lab 4\template-master\x64\debug\4618_template.tlog\cl.write.1.tlog
c:\users\jasdeep\desktop\bcit\object oriented programming design\labs\lab 5\copy lab 4\template-master\x64\debug\4618_template.tlog\link.command.1.tlog
c:\users\jasdeep\desktop\bcit\object oriented programming design\labs\lab 5\copy lab 4\template-master\x64\debug\4618_template.tlog\link.read.1.tlog
c:\users\jasdeep\desktop\bcit\object oriented programming design\labs\lab 5\copy lab 4\template-master\x64\debug\4618_template.tlog\link.write.1.tlog
